<?xml version="1.0" encoding="UTF-8"?>
<!-- Generated by org.testng.reporters.JUnitReportReporter -->
<testsuite skipped="0" hostname="Vijayakarthikeyans-MacBook-Pro.local" name="runner.MyRunner" tests="1" failures="0" timestamp="2019-09-21T22:39:19 CDT" time="5.131" errors="0">
  <testcase name="scenario" time="5.131" classname="runner.MyRunner"/>
</testsuite> <!-- runner.MyRunner -->
