<?xml version="1.0" encoding="UTF-8"?>
<!-- Generated by org.testng.reporters.JUnitReportReporter -->
<testsuite skipped="0" hostname="Vijayakarthikeyans-MacBook-Pro.local" name="runner.MyRunner" tests="1" failures="0" timestamp="2019-09-27T11:42:42 CDT" time="4.807" errors="0">
  <testcase name="scenario" time="4.807" classname="runner.MyRunner"/>
</testsuite> <!-- runner.MyRunner -->
